2021-12-03 12:00:46.024  INFO LAPTOP-30S95CKN --- [           main] c.o.s.SafetynetApiApplicationTests       : Starting SafetynetApiApplicationTests using Java 17 on LAPTOP-30S95CKN with PID 24632 (started by marc in C:\Users\marc\Documents\openclassroom\Projet5\safetynetApi\safetynetApi)
2021-12-03 12:00:46.044  INFO LAPTOP-30S95CKN --- [           main] c.o.s.SafetynetApiApplicationTests       : No active profile set, falling back to default profiles: default
2021-12-03 12:00:53.037  INFO LAPTOP-30S95CKN --- [           main] c.o.s.SafetynetApiApplicationTests       : Started SafetynetApiApplicationTests in 7.85 seconds (JVM running for 10.618)
2021-12-03 12:00:53.826  INFO LAPTOP-30S95CKN --- [           main] c.o.s.u.FireStationControllerTest        : Starting FireStationControllerTest using Java 17 on LAPTOP-30S95CKN with PID 24632 (started by marc in C:\Users\marc\Documents\openclassroom\Projet5\safetynetApi\safetynetApi)
2021-12-03 12:00:53.835  INFO LAPTOP-30S95CKN --- [           main] c.o.s.u.FireStationControllerTest        : No active profile set, falling back to default profiles: default
2021-12-03 12:00:54.742  INFO LAPTOP-30S95CKN --- [           main] c.o.s.u.FireStationControllerTest        : Started FireStationControllerTest in 0.956 seconds (JVM running for 12.327)
2021-12-03 12:00:55.079  INFO LAPTOP-30S95CKN --- [           main] c.o.s.r.FireStationRepository            : firestation has been added: FireStation(address=addresse2, station=5)
2021-12-03 12:00:55.117  INFO LAPTOP-30S95CKN --- [           main] c.o.s.r.FireStationRepository            : 1509 Culver St to be removed
2021-12-03 12:00:55.117  INFO LAPTOP-30S95CKN --- [           main] c.o.s.r.FireStationRepository            : 1509 Culver St has been removed
2021-12-03 12:00:55.127  INFO LAPTOP-30S95CKN --- [           main] c.o.s.r.FireStationRepository            : firestation has been edited: FireStation(address=1509 Culver St, station=1)
2021-12-03 12:00:55.177  INFO LAPTOP-30S95CKN --- [           main] c.o.s.u.MedicalRecordControllerTest      : Starting MedicalRecordControllerTest using Java 17 on LAPTOP-30S95CKN with PID 24632 (started by marc in C:\Users\marc\Documents\openclassroom\Projet5\safetynetApi\safetynetApi)
2021-12-03 12:00:55.187  INFO LAPTOP-30S95CKN --- [           main] c.o.s.u.MedicalRecordControllerTest      : No active profile set, falling back to default profiles: default
2021-12-03 12:00:55.759  INFO LAPTOP-30S95CKN --- [           main] c.o.s.u.MedicalRecordControllerTest      : Started MedicalRecordControllerTest in 0.609 seconds (JVM running for 13.344)
2021-12-03 12:00:55.919  INFO LAPTOP-30S95CKN --- [           main] c.o.s.u.PersonControllerTest             : Starting PersonControllerTest using Java 17 on LAPTOP-30S95CKN with PID 24632 (started by marc in C:\Users\marc\Documents\openclassroom\Projet5\safetynetApi\safetynetApi)
2021-12-03 12:00:55.919  INFO LAPTOP-30S95CKN --- [           main] c.o.s.u.PersonControllerTest             : No active profile set, falling back to default profiles: default
2021-12-03 12:00:56.522  INFO LAPTOP-30S95CKN --- [           main] c.o.s.u.PersonControllerTest             : Started PersonControllerTest in 0.632 seconds (JVM running for 14.103)
2021-12-03 12:00:56.598  INFO LAPTOP-30S95CKN --- [           main] c.o.s.r.PersonRepository                 : found 1 persons to delete
2021-12-03 12:00:56.598  INFO LAPTOP-30S95CKN --- [           main] c.o.s.r.PersonRepository                 : person deleted :marc marc
2021-12-03 12:00:56.628  INFO LAPTOP-30S95CKN --- [           main] c.o.s.r.PersonRepository                 : person added : Person(firstName=prenom, lastName=nom, address=adresse, city=ville, zip=75, phone=tel, email=email, birthdate=null, allergies=null, medication=null)
2021-12-03 12:00:56.963  INFO LAPTOP-30S95CKN --- [           main] c.o.s.u.SafetyNetControllerTest          : Starting SafetyNetControllerTest using Java 17 on LAPTOP-30S95CKN with PID 24632 (started by marc in C:\Users\marc\Documents\openclassroom\Projet5\safetynetApi\safetynetApi)
2021-12-03 12:00:56.973  INFO LAPTOP-30S95CKN --- [           main] c.o.s.u.SafetyNetControllerTest          : No active profile set, falling back to default profiles: default
2021-12-03 12:00:57.607  INFO LAPTOP-30S95CKN --- [           main] c.o.s.u.SafetyNetControllerTest          : Started SafetyNetControllerTest in 0.671 seconds (JVM running for 15.187)
2021-12-04 09:27:01.989  INFO LAPTOP-30S95CKN --- [           main] c.o.s.SafetynetApiApplicationTests       : Starting SafetynetApiApplicationTests using Java 17 on LAPTOP-30S95CKN with PID 23516 (started by marc in C:\Users\marc\Documents\openclassroom\Projet5\safetynetApi\safetynetApi)
2021-12-04 09:27:02.030  INFO LAPTOP-30S95CKN --- [           main] c.o.s.SafetynetApiApplicationTests       : No active profile set, falling back to default profiles: default
2021-12-04 09:27:13.183  INFO LAPTOP-30S95CKN --- [           main] c.o.s.SafetynetApiApplicationTests       : Started SafetynetApiApplicationTests in 12.553 seconds (JVM running for 17.166)
2021-12-04 09:27:14.404  INFO LAPTOP-30S95CKN --- [           main] c.o.s.u.FireStationControllerTest        : Starting FireStationControllerTest using Java 17 on LAPTOP-30S95CKN with PID 23516 (started by marc in C:\Users\marc\Documents\openclassroom\Projet5\safetynetApi\safetynetApi)
2021-12-04 09:27:14.407  INFO LAPTOP-30S95CKN --- [           main] c.o.s.u.FireStationControllerTest        : No active profile set, falling back to default profiles: default
2021-12-04 09:27:15.770  INFO LAPTOP-30S95CKN --- [           main] c.o.s.u.FireStationControllerTest        : Started FireStationControllerTest in 1.423 seconds (JVM running for 19.753)
2021-12-04 09:27:16.190  INFO LAPTOP-30S95CKN --- [           main] c.o.s.r.FireStationRepository            : firestation has been added: FireStation(address=addresse2, station=5)
2021-12-04 09:27:16.268  INFO LAPTOP-30S95CKN --- [           main] c.o.s.r.FireStationRepository            : 1509 Culver St to be removed
2021-12-04 09:27:16.269  INFO LAPTOP-30S95CKN --- [           main] c.o.s.r.FireStationRepository            : 1509 Culver St has been removed
2021-12-04 09:27:16.287  INFO LAPTOP-30S95CKN --- [           main] c.o.s.r.FireStationRepository            : firestation has been edited: FireStation(address=1509 Culver St, station=1)
2021-12-04 09:27:16.358  INFO LAPTOP-30S95CKN --- [           main] c.o.s.u.MedicalRecordControllerTest      : Starting MedicalRecordControllerTest using Java 17 on LAPTOP-30S95CKN with PID 23516 (started by marc in C:\Users\marc\Documents\openclassroom\Projet5\safetynetApi\safetynetApi)
2021-12-04 09:27:16.363  INFO LAPTOP-30S95CKN --- [           main] c.o.s.u.MedicalRecordControllerTest      : No active profile set, falling back to default profiles: default
2021-12-04 09:27:17.426  INFO LAPTOP-30S95CKN --- [           main] c.o.s.u.MedicalRecordControllerTest      : Started MedicalRecordControllerTest in 1.109 seconds (JVM running for 21.409)
2021-12-04 09:27:17.702  INFO LAPTOP-30S95CKN --- [           main] c.o.s.u.PersonControllerTest             : Starting PersonControllerTest using Java 17 on LAPTOP-30S95CKN with PID 23516 (started by marc in C:\Users\marc\Documents\openclassroom\Projet5\safetynetApi\safetynetApi)
2021-12-04 09:27:17.708  INFO LAPTOP-30S95CKN --- [           main] c.o.s.u.PersonControllerTest             : No active profile set, falling back to default profiles: default
2021-12-04 09:27:18.817  INFO LAPTOP-30S95CKN --- [           main] c.o.s.u.PersonControllerTest             : Started PersonControllerTest in 1.174 seconds (JVM running for 22.801)
2021-12-04 09:27:18.916  INFO LAPTOP-30S95CKN --- [           main] c.o.s.r.PersonRepository                 : found 1 persons to delete
2021-12-04 09:27:18.918  INFO LAPTOP-30S95CKN --- [           main] c.o.s.r.PersonRepository                 : person deleted :marc marc
2021-12-04 09:27:18.938  INFO LAPTOP-30S95CKN --- [           main] c.o.s.r.PersonRepository                 : person added : Person(firstName=prenom, lastName=nom, address=adresse, city=ville, zip=75, phone=tel, email=email, birthdate=null, allergies=null, medication=null)
2021-12-04 09:27:19.456  INFO LAPTOP-30S95CKN --- [           main] c.o.s.u.SafetyNetControllerTest          : Starting SafetyNetControllerTest using Java 17 on LAPTOP-30S95CKN with PID 23516 (started by marc in C:\Users\marc\Documents\openclassroom\Projet5\safetynetApi\safetynetApi)
2021-12-04 09:27:19.460  INFO LAPTOP-30S95CKN --- [           main] c.o.s.u.SafetyNetControllerTest          : No active profile set, falling back to default profiles: default
2021-12-04 09:27:20.476  INFO LAPTOP-30S95CKN --- [           main] c.o.s.u.SafetyNetControllerTest          : Started SafetyNetControllerTest in 1.079 seconds (JVM running for 24.461)
2021-12-04 09:46:45.711  INFO LAPTOP-30S95CKN --- [           main] c.o.s.u.FireStationControllerTest        : Starting FireStationControllerTest using Java 17 on LAPTOP-30S95CKN with PID 12692 (started by marc in C:\Users\marc\Documents\openclassroom\Projet5\safetynetApi\safetynetApi)
2021-12-04 09:46:45.730  INFO LAPTOP-30S95CKN --- [           main] c.o.s.u.FireStationControllerTest        : No active profile set, falling back to default profiles: default
2021-12-04 09:46:46.960 ERROR LAPTOP-30S95CKN --- [           main] o.s.b.d.LoggingFailureAnalysisReporter   : 

***************************
APPLICATION FAILED TO START
***************************

Description:

Field fireStationService in com.openclassrooms.safetynetApi.controller.FireStationController required a bean of type 'com.openclassrooms.safetynetApi.service.FireStationService' that could not be found.

The injection point has the following annotations:
	- @org.springframework.beans.factory.annotation.Autowired(required=true)


Action:

Consider defining a bean of type 'com.openclassrooms.safetynetApi.service.FireStationService' in your configuration.

2021-12-04 09:46:47.046  INFO LAPTOP-30S95CKN --- [           main] c.o.s.u.FireStationControllerTest        : Starting FireStationControllerTest using Java 17 on LAPTOP-30S95CKN with PID 12692 (started by marc in C:\Users\marc\Documents\openclassroom\Projet5\safetynetApi\safetynetApi)
2021-12-04 09:46:47.048  INFO LAPTOP-30S95CKN --- [           main] c.o.s.u.FireStationControllerTest        : No active profile set, falling back to default profiles: default
2021-12-04 09:46:47.331 ERROR LAPTOP-30S95CKN --- [           main] o.s.b.d.LoggingFailureAnalysisReporter   : 

***************************
APPLICATION FAILED TO START
***************************

Description:

Field fireStationService in com.openclassrooms.safetynetApi.controller.FireStationController required a bean of type 'com.openclassrooms.safetynetApi.service.FireStationService' that could not be found.

The injection point has the following annotations:
	- @org.springframework.beans.factory.annotation.Autowired(required=true)


Action:

Consider defining a bean of type 'com.openclassrooms.safetynetApi.service.FireStationService' in your configuration.

2021-12-04 09:46:47.331 ERROR LAPTOP-30S95CKN --- [           main] o.s.t.c.TestContextManager               : Caught exception while allowing TestExecutionListener [org.springframework.boot.test.autoconfigure.SpringBootDependencyInjectionTestExecutionListener@1e95b653] to prepare test instance [com.openclassrooms.safetynetApi.unitTest.FireStationControllerTest@6f6c6077]
java.lang.IllegalStateException: Failed to load ApplicationContext
	at org.springframework.test.context.cache.DefaultCacheAwareContextLoaderDelegate.loadContext(DefaultCacheAwareContextLoaderDelegate.java:132)
	at org.springframework.test.context.support.DefaultTestContext.getApplicationContext(DefaultTestContext.java:124)
	at org.springframework.test.context.support.DependencyInjectionTestExecutionListener.injectDependencies(DependencyInjectionTestExecutionListener.java:118)
	at org.springframework.test.context.support.DependencyInjectionTestExecutionListener.prepareTestInstance(DependencyInjectionTestExecutionListener.java:83)
	at org.springframework.boot.test.autoconfigure.SpringBootDependencyInjectionTestExecutionListener.prepareTestInstance(SpringBootDependencyInjectionTestExecutionListener.java:43)
	at org.springframework.test.context.TestContextManager.prepareTestInstance(TestContextManager.java:248)
	at org.springframework.test.context.junit.jupiter.SpringExtension.postProcessTestInstance(SpringExtension.java:138)
	at org.junit.jupiter.engine.descriptor.ClassBasedTestDescriptor.lambda$invokeTestInstancePostProcessors$6(ClassBasedTestDescriptor.java:350)
	at org.junit.jupiter.engine.descriptor.ClassBasedTestDescriptor.executeAndMaskThrowable(ClassBasedTestDescriptor.java:355)
	at org.junit.jupiter.engine.descriptor.ClassBasedTestDescriptor.lambda$invokeTestInstancePostProcessors$7(ClassBasedTestDescriptor.java:350)
	at java.base/java.util.stream.ReferencePipeline$3$1.accept(ReferencePipeline.java:197)
	at java.base/java.util.stream.ReferencePipeline$2$1.accept(ReferencePipeline.java:179)
	at java.base/java.util.ArrayList$ArrayListSpliterator.forEachRemaining(ArrayList.java:1625)
	at java.base/java.util.stream.AbstractPipeline.copyInto(AbstractPipeline.java:509)
	at java.base/java.util.stream.AbstractPipeline.wrapAndCopyInto(AbstractPipeline.java:499)
	at java.base/java.util.stream.StreamSpliterators$WrappingSpliterator.forEachRemaining(StreamSpliterators.java:310)
	at java.base/java.util.stream.Streams$ConcatSpliterator.forEachRemaining(Streams.java:735)
	at java.base/java.util.stream.Streams$ConcatSpliterator.forEachRemaining(Streams.java:734)
	at java.base/java.util.stream.ReferencePipeline$Head.forEach(ReferencePipeline.java:762)
	at org.junit.jupiter.engine.descriptor.ClassBasedTestDescriptor.invokeTestInstancePostProcessors(ClassBasedTestDescriptor.java:349)
	at org.junit.jupiter.engine.descriptor.ClassBasedTestDescriptor.lambda$instantiateAndPostProcessTestInstance$4(ClassBasedTestDescriptor.java:270)
	at org.junit.platform.engine.support.hierarchical.ThrowableCollector.execute(ThrowableCollector.java:73)
	at org.junit.jupiter.engine.descriptor.ClassBasedTestDescriptor.instantiateAndPostProcessTestInstance(ClassBasedTestDescriptor.java:269)
	at org.junit.jupiter.engine.descriptor.ClassBasedTestDescriptor.lambda$testInstancesProvider$2(ClassBasedTestDescriptor.java:259)
	at java.base/java.util.Optional.orElseGet(Optional.java:364)
	at org.junit.jupiter.engine.descriptor.ClassBasedTestDescriptor.lambda$testInstancesProvider$3(ClassBasedTestDescriptor.java:258)
	at org.junit.jupiter.engine.execution.TestInstancesProvider.getTestInstances(TestInstancesProvider.java:31)
	at org.junit.jupiter.engine.descriptor.TestMethodTestDescriptor.lambda$prepare$0(TestMethodTestDescriptor.java:101)
	at org.junit.platform.engine.support.hierarchical.ThrowableCollector.execute(ThrowableCollector.java:73)
	at org.junit.jupiter.engine.descriptor.TestMethodTestDescriptor.prepare(TestMethodTestDescriptor.java:100)
	at org.junit.jupiter.engine.descriptor.TestMethodTestDescriptor.prepare(TestMethodTestDescriptor.java:65)
	at org.junit.platform.engine.support.hierarchical.NodeTestTask.lambda$prepare$1(NodeTestTask.java:111)
	at org.junit.platform.engine.support.hierarchical.ThrowableCollector.execute(ThrowableCollector.java:73)
	at org.junit.platform.engine.support.hierarchical.NodeTestTask.prepare(NodeTestTask.java:111)
	at org.junit.platform.engine.support.hierarchical.NodeTestTask.execute(NodeTestTask.java:79)
	at java.base/java.util.ArrayList.forEach(ArrayList.java:1511)
	at org.junit.platform.engine.support.hierarchical.SameThreadHierarchicalTestExecutorService.invokeAll(SameThreadHierarchicalTestExecutorService.java:38)
	at org.junit.platform.engine.support.hierarchical.NodeTestTask.lambda$executeRecursively$5(NodeTestTask.java:143)
	at org.junit.platform.engine.support.hierarchical.ThrowableCollector.execute(ThrowableCollector.java:73)
	at org.junit.platform.engine.support.hierarchical.NodeTestTask.lambda$executeRecursively$7(NodeTestTask.java:129)
	at org.junit.platform.engine.support.hierarchical.Node.around(Node.java:137)
	at org.junit.platform.engine.support.hierarchical.NodeTestTask.lambda$executeRecursively$8(NodeTestTask.java:127)
	at org.junit.platform.engine.support.hierarchical.ThrowableCollector.execute(ThrowableCollector.java:73)
	at org.junit.platform.engine.support.hierarchical.NodeTestTask.executeRecursively(NodeTestTask.java:126)
	at org.junit.platform.engine.support.hierarchical.NodeTestTask.execute(NodeTestTask.java:84)
	at java.base/java.util.ArrayList.forEach(ArrayList.java:1511)
	at org.junit.platform.engine.support.hierarchical.SameThreadHierarchicalTestExecutorService.invokeAll(SameThreadHierarchicalTestExecutorService.java:38)
	at org.junit.platform.engine.support.hierarchical.NodeTestTask.lambda$executeRecursively$5(NodeTestTask.java:143)
	at org.junit.platform.engine.support.hierarchical.ThrowableCollector.execute(ThrowableCollector.java:73)
	at org.junit.platform.engine.support.hierarchical.NodeTestTask.lambda$executeRecursively$7(NodeTestTask.java:129)
	at org.junit.platform.engine.support.hierarchical.Node.around(Node.java:137)
	at org.junit.platform.engine.support.hierarchical.NodeTestTask.lambda$executeRecursively$8(NodeTestTask.java:127)
	at org.junit.platform.engine.support.hierarchical.ThrowableCollector.execute(ThrowableCollector.java:73)
	at org.junit.platform.engine.support.hierarchical.NodeTestTask.executeRecursively(NodeTestTask.java:126)
	at org.junit.platform.engine.support.hierarchical.NodeTestTask.execute(NodeTestTask.java:84)
	at org.junit.platform.engine.support.hierarchical.SameThreadHierarchicalTestExecutorService.submit(SameThreadHierarchicalTestExecutorService.java:32)
	at org.junit.platform.engine.support.hierarchical.HierarchicalTestExecutor.execute(HierarchicalTestExecutor.java:57)
	at org.junit.platform.engine.support.hierarchical.HierarchicalTestEngine.execute(HierarchicalTestEngine.java:51)
	at org.junit.platform.launcher.core.EngineExecutionOrchestrator.execute(EngineExecutionOrchestrator.java:108)
	at org.junit.platform.launcher.core.EngineExecutionOrchestrator.execute(EngineExecutionOrchestrator.java:88)
	at org.junit.platform.launcher.core.EngineExecutionOrchestrator.lambda$execute$0(EngineExecutionOrchestrator.java:54)
	at org.junit.platform.launcher.core.EngineExecutionOrchestrator.withInterceptedStreams(EngineExecutionOrchestrator.java:67)
	at org.junit.platform.launcher.core.EngineExecutionOrchestrator.execute(EngineExecutionOrchestrator.java:52)
	at org.junit.platform.launcher.core.DefaultLauncher.execute(DefaultLauncher.java:96)
	at org.junit.platform.launcher.core.DefaultLauncher.execute(DefaultLauncher.java:75)
	at com.intellij.junit5.JUnit5IdeaTestRunner.startRunnerWithArgs(JUnit5IdeaTestRunner.java:71)
	at com.intellij.rt.junit.IdeaTestRunner$Repeater.startRunnerWithArgs(IdeaTestRunner.java:33)
	at com.intellij.rt.junit.JUnitStarter.prepareStreamsAndStart(JUnitStarter.java:235)
	at com.intellij.rt.junit.JUnitStarter.main(JUnitStarter.java:54)
Caused by: org.springframework.beans.factory.UnsatisfiedDependencyException: Error creating bean with name 'fireStationController': Unsatisfied dependency expressed through field 'fireStationService'; nested exception is org.springframework.beans.factory.NoSuchBeanDefinitionException: No qualifying bean of type 'com.openclassrooms.safetynetApi.service.FireStationService' available: expected at least 1 bean which qualifies as autowire candidate. Dependency annotations: {@org.springframework.beans.factory.annotation.Autowired(required=true)}
	at org.springframework.beans.factory.annotation.AutowiredAnnotationBeanPostProcessor$AutowiredFieldElement.resolveFieldValue(AutowiredAnnotationBeanPostProcessor.java:659)
	at org.springframework.beans.factory.annotation.AutowiredAnnotationBeanPostProcessor$AutowiredFieldElement.inject(AutowiredAnnotationBeanPostProcessor.java:639)
	at org.springframework.beans.factory.annotation.InjectionMetadata.inject(InjectionMetadata.java:119)
	at org.springframework.beans.factory.annotation.AutowiredAnnotationBeanPostProcessor.postProcessProperties(AutowiredAnnotationBeanPostProcessor.java:399)
	at org.springframework.beans.factory.support.AbstractAutowireCapableBeanFactory.populateBean(AbstractAutowireCapableBeanFactory.java:1431)
	at org.springframework.beans.factory.support.AbstractAutowireCapableBeanFactory.doCreateBean(AbstractAutowireCapableBeanFactory.java:619)
	at org.springframework.beans.factory.support.AbstractAutowireCapableBeanFactory.createBean(AbstractAutowireCapableBeanFactory.java:542)
	at org.springframework.beans.factory.support.AbstractBeanFactory.lambda$doGetBean$0(AbstractBeanFactory.java:335)
	at org.springframework.beans.factory.support.DefaultSingletonBeanRegistry.getSingleton(DefaultSingletonBeanRegistry.java:234)
	at org.springframework.beans.factory.support.AbstractBeanFactory.doGetBean(AbstractBeanFactory.java:333)
	at org.springframework.beans.factory.support.AbstractBeanFactory.getBean(AbstractBeanFactory.java:208)
	at org.springframework.beans.factory.support.DefaultListableBeanFactory.preInstantiateSingletons(DefaultListableBeanFactory.java:944)
	at org.springframework.context.support.AbstractApplicationContext.finishBeanFactoryInitialization(AbstractApplicationContext.java:918)
	at org.springframework.context.support.AbstractApplicationContext.refresh(AbstractApplicationContext.java:583)
	at org.springframework.boot.SpringApplication.refresh(SpringApplication.java:754)
	at org.springframework.boot.SpringApplication.refreshContext(SpringApplication.java:434)
	at org.springframework.boot.SpringApplication.run(SpringApplication.java:338)
	at org.springframework.boot.test.context.SpringBootContextLoader.loadContext(SpringBootContextLoader.java:123)
	at org.springframework.test.context.cache.DefaultCacheAwareContextLoaderDelegate.loadContextInternal(DefaultCacheAwareContextLoaderDelegate.java:99)
	at org.springframework.test.context.cache.DefaultCacheAwareContextLoaderDelegate.loadContext(DefaultCacheAwareContextLoaderDelegate.java:124)
	... 68 more
Caused by: org.springframework.beans.factory.NoSuchBeanDefinitionException: No qualifying bean of type 'com.openclassrooms.safetynetApi.service.FireStationService' available: expected at least 1 bean which qualifies as autowire candidate. Dependency annotations: {@org.springframework.beans.factory.annotation.Autowired(required=true)}
	at org.springframework.beans.factory.support.DefaultListableBeanFactory.raiseNoMatchingBeanFound(DefaultListableBeanFactory.java:1790)
	at org.springframework.beans.factory.support.DefaultListableBeanFactory.doResolveDependency(DefaultListableBeanFactory.java:1346)
	at org.springframework.beans.factory.support.DefaultListableBeanFactory.resolveDependency(DefaultListableBeanFactory.java:1300)
	at org.springframework.beans.factory.annotation.AutowiredAnnotationBeanPostProcessor$AutowiredFieldElement.resolveFieldValue(AutowiredAnnotationBeanPostProcessor.java:656)
	... 87 more
2021-12-04 09:47:41.290  INFO LAPTOP-30S95CKN --- [           main] c.o.s.u.FireStationControllerTest        : Starting FireStationControllerTest using Java 17 on LAPTOP-30S95CKN with PID 25420 (started by marc in C:\Users\marc\Documents\openclassroom\Projet5\safetynetApi\safetynetApi)
2021-12-04 09:47:41.311  INFO LAPTOP-30S95CKN --- [           main] c.o.s.u.FireStationControllerTest        : No active profile set, falling back to default profiles: default
2021-12-04 09:47:44.065  INFO LAPTOP-30S95CKN --- [           main] c.o.s.u.FireStationControllerTest        : Started FireStationControllerTest in 3.569 seconds (JVM running for 5.859)
2021-12-09 16:13:20.934  INFO LAPTOP-30S95CKN --- [           main] c.o.s.u.FireStationControllerTest        : Starting FireStationControllerTest using Java 17 on LAPTOP-30S95CKN with PID 27768 (started by marc in C:\Users\marc\Documents\openclassroom\Projet5\safetynetApi\safetynetApi)
2021-12-09 16:13:20.965  INFO LAPTOP-30S95CKN --- [           main] c.o.s.u.FireStationControllerTest        : No active profile set, falling back to default profiles: default
2021-12-09 16:13:23.370  INFO LAPTOP-30S95CKN --- [           main] c.o.s.u.FireStationControllerTest        : Started FireStationControllerTest in 3.262 seconds (JVM running for 5.327)
2021-12-09 16:13:23.549  INFO LAPTOP-30S95CKN --- [           main] c.o.s.c.FireStationController            : received PUT request at /firestation for :FireStation(address=here, station=2)
